<beans:beans
        xmlns:beans="http://www.springframework.org/schema/beans"
        xmlns:xsi="http://www.w3.org/2001/XMLSchema-instance"
        xsi:schemaLocation="http://www.springframework.org/schema/beans
	http://www.springframework.org/schema/beans/spring-beans-4.2.xsd" profile="test">

    <beans:import resource="classpath*:spring-security.xml"/>
    <beans:import resource="classpath*:spring-beans.xml"/>

    <beans:bean id="persistenceExceptionTranslationPostProcessor" class="org.springframework.dao.annotation.PersistenceExceptionTranslationPostProcessor"/>

    <beans:bean id="transactionManager" class="org.springframework.orm.jpa.JpaTransactionManager">
        <beans:property name="entityManagerFactory" ref="entityManagerFactory"/>
    </beans:bean>

    <beans:bean id="dataSource"
                class="org.springframework.jdbc.datasource.DriverManagerDataSource">
        <beans:property name="driverClassName" value="org.h2.Driver"/>
        <beans:property name="url" value="jdbc:h2:database/~test"/>
        <beans:property name="username" value="sa"/>
        <beans:property name="password" value=""/>
    </beans:bean>

    <beans:bean id="entityManagerFactory" class="org.springframework.orm.jpa.LocalContainerEntityManagerFactoryBean">
        <beans:property name="dataSource" ref="dataSource"/>
        <beans:property name="packagesToScan" value="it.tsc.domain"/>
        <beans:property name="jpaVendorAdapter">
            <beans:bean class="org.springframework.orm.jpa.vendor.HibernateJpaVendorAdapter">
                <beans:property name="generateDdl" value="true"/>
                <beans:property name="database" value="H2"/>
            </beans:bean>
        </beans:property>
        <beans:property name="persistenceUnitName" value="DefaultPersistenceUnit"/>
    </beans:bean>

</beans:beans>